A LOGGING EXAMPLE
2025-11-03 10:13:49.455 | INFO     | Example-Deesse  >>> Loading data
2025-11-03 10:13:49.463 | INFO     | Example-Deesse  >>> Input for deesse
2025-11-03 10:13:49.463 | INFO     | Example-Deesse  >>> Running deesse
2025-11-03 10:13:49.464 | INFO     | Example-Deesse  >>> deesseRun: DeeSse running... [VERSION 3.2 / BUILD NUMBER 20230914 / OpenMP 8 thread(s)]
2025-11-03 10:13:51.962 | INFO     | Example-Deesse  >>> deesseRun: DeeSse run complete
2025-11-03 10:13:51.962 | INFO     | Example-Deesse  >>> Elapsed time: 2.5 sec
2025-11-03 10:13:52.537 | INFO     | Example-Kriging-SGS >>> Set-up: 1D grid, data
2025-11-03 10:13:52.538 | INFO     | Example-Kriging-SGS >>> Set covariance model
2025-11-03 10:13:52.538 | INFO     | Example-Kriging-SGS >>> *** CovModel1D object ***
name = 'cov model'
number of elementary contribution(s): 1
elementary contribution 0
    type: matern
    parameters:
        w = 7.0
        r = 150
        nu = 2.0
*****
2025-11-03 10:13:52.538 | INFO     | Example-Kriging-SGS >>> Kriging
2025-11-03 10:13:52.539 | INFO     | Example-Kriging-SGS >>> estimate: Preprocessing data done: final number of data points : 5, inequality data points: 2
2025-11-03 10:13:52.539 | INFO     | Example-Kriging-SGS >>> estimate: Computational resources: nthreads = 8, nproc_sgs_at_ineq = 8
2025-11-03 10:13:52.539 | INFO     | Example-Kriging-SGS >>> estimate: (Step 1.1) Do sgs at inequality data points (100 simulation(s) at 2 points)...
2025-11-03 10:13:52.895 | INFO     | Example-Kriging-SGS >>> estimate: (Step 1.2) Transform inequality data to equality data with error std...
2025-11-03 10:13:52.896 | INFO     | Example-Kriging-SGS >>> estimate: (Step 2) Set new dataset gathering data and inequality data locations...
2025-11-03 10:13:52.897 | INFO     | Example-Kriging-SGS >>> estimate: (Step 3) Do kriging at the center of grid cells containing at least one data point...
2025-11-03 10:13:52.899 | INFO     | Example-Kriging-SGS >>> estimate: (Step 4) Do kriging on the grid (at cell centers) using data points at cell centers...
2025-11-03 10:13:52.899 | INFO     | Example-Kriging-SGS >>> estimate: Geos-Classic running on 1 process... [VERSION 2.1 / BUILD NUMBER 20251023 / OpenMP 8 thread(s)]
2025-11-03 10:13:52.900 | INFO     | Example-Kriging-SGS >>> run_MPDSOMPGeosClassicSim: Geos-Classic running... [VERSION 2.1 / BUILD NUMBER 20251023 / OpenMP 8 thread(s)]
2025-11-03 10:13:52.903 | INFO     | Example-Kriging-SGS >>> run_MPDSOMPGeosClassicSim: Geos-Classic run complete
2025-11-03 10:13:52.903 | INFO     | Example-Kriging-SGS >>> estimate: Geos-Classic (1 process) run complete
2025-11-03 10:13:52.904 | INFO     | Example-Kriging-SGS >>> Elapsed time: 0.37 sec
2025-11-03 10:13:52.904 | INFO     | Example-Kriging-SGS >>> SGS
2025-11-03 10:13:52.905 | INFO     | Example-Kriging-SGS >>> simulate: Preprocessing data done: final number of data points : 5, inequality data points: 2
2025-11-03 10:13:52.905 | INFO     | Example-Kriging-SGS >>> simulate: Computational resources: nproc = 4, nthreads_per_proc = 4, nproc_sgs_at_ineq = 16
2025-11-03 10:13:52.905 | INFO     | Example-Kriging-SGS >>> simulate: (Step 1.1) Do sgs at inequality data points (200 simulation(s) at 2 points)...
2025-11-03 10:13:53.490 | INFO     | Example-Kriging-SGS >>> simulate: (Step 2-4): Krige + Geos-Classic running on 4 process(es)... [VERSION 2.1 / BUILD NUMBER 20251023 / OpenMP 4 thread(s)]
2025-11-03 10:13:53.527 | INFO     | Example-Kriging-SGS >>> _run_krige_and_MPDSOMPGeosClassicSim [pid=0]: realization     0 of 49...
2025-11-03 10:13:53.557 | INFO     | Example-Kriging-SGS >>> _run_krige_and_MPDSOMPGeosClassicSim [pid=0]: realization     1 of 49...
2025-11-03 10:13:53.582 | INFO     | Example-Kriging-SGS >>> _run_krige_and_MPDSOMPGeosClassicSim [pid=0]: realization     2 of 49...
2025-11-03 10:13:53.612 | INFO     | Example-Kriging-SGS >>> _run_krige_and_MPDSOMPGeosClassicSim [pid=0]: realization     3 of 49...
2025-11-03 10:13:53.641 | INFO     | Example-Kriging-SGS >>> _run_krige_and_MPDSOMPGeosClassicSim [pid=0]: realization     4 of 49...
2025-11-03 10:13:53.669 | INFO     | Example-Kriging-SGS >>> _run_krige_and_MPDSOMPGeosClassicSim [pid=0]: realization     5 of 49...
2025-11-03 10:13:53.698 | INFO     | Example-Kriging-SGS >>> _run_krige_and_MPDSOMPGeosClassicSim [pid=0]: realization     6 of 49...
2025-11-03 10:13:53.729 | INFO     | Example-Kriging-SGS >>> _run_krige_and_MPDSOMPGeosClassicSim [pid=0]: realization     7 of 49...
2025-11-03 10:13:53.758 | INFO     | Example-Kriging-SGS >>> _run_krige_and_MPDSOMPGeosClassicSim [pid=0]: realization     8 of 49...
2025-11-03 10:13:53.786 | INFO     | Example-Kriging-SGS >>> _run_krige_and_MPDSOMPGeosClassicSim [pid=0]: realization     9 of 49...
2025-11-03 10:13:53.816 | INFO     | Example-Kriging-SGS >>> _run_krige_and_MPDSOMPGeosClassicSim [pid=0]: realization    10 of 49...
2025-11-03 10:13:53.846 | INFO     | Example-Kriging-SGS >>> _run_krige_and_MPDSOMPGeosClassicSim [pid=0]: realization    11 of 49...
2025-11-03 10:13:53.878 | INFO     | Example-Kriging-SGS >>> _run_krige_and_MPDSOMPGeosClassicSim [pid=0]: realization    12 of 49...
2025-11-03 10:13:53.912 | INFO     | Example-Kriging-SGS >>> _run_krige_and_MPDSOMPGeosClassicSim [pid=0]: realization    13 of 49...
2025-11-03 10:13:53.943 | INFO     | Example-Kriging-SGS >>> _run_krige_and_MPDSOMPGeosClassicSim [pid=0]: realization    14 of 49...
2025-11-03 10:13:53.977 | INFO     | Example-Kriging-SGS >>> _run_krige_and_MPDSOMPGeosClassicSim [pid=0]: realization    15 of 49...
2025-11-03 10:13:54.011 | INFO     | Example-Kriging-SGS >>> _run_krige_and_MPDSOMPGeosClassicSim [pid=0]: realization    16 of 49...
2025-11-03 10:13:54.042 | INFO     | Example-Kriging-SGS >>> _run_krige_and_MPDSOMPGeosClassicSim [pid=0]: realization    17 of 49...
2025-11-03 10:13:54.077 | INFO     | Example-Kriging-SGS >>> _run_krige_and_MPDSOMPGeosClassicSim [pid=0]: realization    18 of 49...
2025-11-03 10:13:54.125 | INFO     | Example-Kriging-SGS >>> _run_krige_and_MPDSOMPGeosClassicSim [pid=0]: realization    19 of 49...
2025-11-03 10:13:54.167 | INFO     | Example-Kriging-SGS >>> _run_krige_and_MPDSOMPGeosClassicSim [pid=0]: realization    20 of 49...
2025-11-03 10:13:54.198 | INFO     | Example-Kriging-SGS >>> _run_krige_and_MPDSOMPGeosClassicSim [pid=0]: realization    21 of 49...
2025-11-03 10:13:54.232 | INFO     | Example-Kriging-SGS >>> _run_krige_and_MPDSOMPGeosClassicSim [pid=0]: realization    22 of 49...
2025-11-03 10:13:54.266 | INFO     | Example-Kriging-SGS >>> _run_krige_and_MPDSOMPGeosClassicSim [pid=0]: realization    23 of 49...
2025-11-03 10:13:54.296 | INFO     | Example-Kriging-SGS >>> _run_krige_and_MPDSOMPGeosClassicSim [pid=0]: realization    24 of 49...
2025-11-03 10:13:54.328 | INFO     | Example-Kriging-SGS >>> _run_krige_and_MPDSOMPGeosClassicSim [pid=0]: realization    25 of 49...
2025-11-03 10:13:54.360 | INFO     | Example-Kriging-SGS >>> _run_krige_and_MPDSOMPGeosClassicSim [pid=0]: realization    26 of 49...
2025-11-03 10:13:54.423 | INFO     | Example-Kriging-SGS >>> _run_krige_and_MPDSOMPGeosClassicSim [pid=0]: realization    27 of 49...
2025-11-03 10:13:54.455 | INFO     | Example-Kriging-SGS >>> _run_krige_and_MPDSOMPGeosClassicSim [pid=0]: realization    28 of 49...
2025-11-03 10:13:54.485 | INFO     | Example-Kriging-SGS >>> _run_krige_and_MPDSOMPGeosClassicSim [pid=0]: realization    29 of 49...
2025-11-03 10:13:54.516 | INFO     | Example-Kriging-SGS >>> _run_krige_and_MPDSOMPGeosClassicSim [pid=0]: realization    30 of 49...
2025-11-03 10:13:54.547 | INFO     | Example-Kriging-SGS >>> _run_krige_and_MPDSOMPGeosClassicSim [pid=0]: realization    31 of 49...
2025-11-03 10:13:54.576 | INFO     | Example-Kriging-SGS >>> _run_krige_and_MPDSOMPGeosClassicSim [pid=0]: realization    32 of 49...
2025-11-03 10:13:54.605 | INFO     | Example-Kriging-SGS >>> _run_krige_and_MPDSOMPGeosClassicSim [pid=0]: realization    33 of 49...
2025-11-03 10:13:54.636 | INFO     | Example-Kriging-SGS >>> _run_krige_and_MPDSOMPGeosClassicSim [pid=0]: realization    34 of 49...
2025-11-03 10:13:54.667 | INFO     | Example-Kriging-SGS >>> _run_krige_and_MPDSOMPGeosClassicSim [pid=0]: realization    35 of 49...
2025-11-03 10:13:54.699 | INFO     | Example-Kriging-SGS >>> _run_krige_and_MPDSOMPGeosClassicSim [pid=0]: realization    36 of 49...
2025-11-03 10:13:54.728 | INFO     | Example-Kriging-SGS >>> _run_krige_and_MPDSOMPGeosClassicSim [pid=0]: realization    37 of 49...
2025-11-03 10:13:54.757 | INFO     | Example-Kriging-SGS >>> _run_krige_and_MPDSOMPGeosClassicSim [pid=0]: realization    38 of 49...
2025-11-03 10:13:54.784 | INFO     | Example-Kriging-SGS >>> _run_krige_and_MPDSOMPGeosClassicSim [pid=0]: realization    39 of 49...
2025-11-03 10:13:54.812 | INFO     | Example-Kriging-SGS >>> _run_krige_and_MPDSOMPGeosClassicSim [pid=0]: realization    40 of 49...
2025-11-03 10:13:54.842 | INFO     | Example-Kriging-SGS >>> _run_krige_and_MPDSOMPGeosClassicSim [pid=0]: realization    41 of 49...
2025-11-03 10:13:54.868 | INFO     | Example-Kriging-SGS >>> _run_krige_and_MPDSOMPGeosClassicSim [pid=0]: realization    42 of 49...
2025-11-03 10:13:54.901 | INFO     | Example-Kriging-SGS >>> _run_krige_and_MPDSOMPGeosClassicSim [pid=0]: realization    43 of 49...
2025-11-03 10:13:54.927 | INFO     | Example-Kriging-SGS >>> _run_krige_and_MPDSOMPGeosClassicSim [pid=0]: realization    44 of 49...
2025-11-03 10:13:54.955 | INFO     | Example-Kriging-SGS >>> _run_krige_and_MPDSOMPGeosClassicSim [pid=0]: realization    45 of 49...
2025-11-03 10:13:54.984 | INFO     | Example-Kriging-SGS >>> _run_krige_and_MPDSOMPGeosClassicSim [pid=0]: realization    46 of 49...
2025-11-03 10:13:55.012 | INFO     | Example-Kriging-SGS >>> _run_krige_and_MPDSOMPGeosClassicSim [pid=0]: realization    47 of 49...
2025-11-03 10:13:55.037 | INFO     | Example-Kriging-SGS >>> _run_krige_and_MPDSOMPGeosClassicSim [pid=0]: realization    48 of 49...
2025-11-03 10:13:55.060 | INFO     | Example-Kriging-SGS >>> _run_krige_and_MPDSOMPGeosClassicSim [pid=0]: realization    49 of 49...
2025-11-03 10:13:55.096 | INFO     | Example-Kriging-SGS >>> simulate: Krige + Geos-Classic (4 process(es)) run complete
2025-11-03 10:13:55.096 | INFO     | Example-Kriging-SGS >>> Elapsed time: 2.2 sec
2025-11-03 10:13:55.271 | INFO     | Example-End     >>> All done!
